  [4;36;1mSQL (0.000576)[0m   [0;1m SELECT name
 FROM sqlite_master
 WHERE type = 'table' AND NOT name = 'sqlite_sequence'
[0m
  [4;35;1mSQL (0.000221)[0m   [0mselect sqlite_version(*)[0m
  [4;36;1mSQL (0.002061)[0m   [0;1mCREATE TABLE "schema_migrations" ("version" varchar(255) NOT NULL) [0m
  [4;35;1mSQL (0.001666)[0m   [0mCREATE UNIQUE INDEX "unique_schema_migrations" ON "schema_migrations" ("version")[0m
  [4;36;1mSQL (0.000325)[0m   [0;1m SELECT name
 FROM sqlite_master
 WHERE type = 'table' AND NOT name = 'sqlite_sequence'
[0m
  [4;35;1mSQL (0.000144)[0m   [0mSELECT version FROM schema_migrations[0m
  [4;36;1mSQL (0.000214)[0m   [0;1mSELECT version FROM schema_migrations[0m
  [4;35;1mSQL (0.000255)[0m   [0m SELECT name
 FROM sqlite_master
 WHERE type = 'table' AND NOT name = 'sqlite_sequence'
[0m
  [4;36;1mSQL (0.000278)[0m   [0;1m SELECT name
 FROM sqlite_master
 WHERE type = 'table' AND NOT name = 'sqlite_sequence'
[0m
  [4;35;1mSQL (0.000175)[0m   [0mselect sqlite_version(*)[0m
  [4;36;1mSQL (0.001917)[0m   [0;1mCREATE TABLE "schema_migrations" ("version" varchar(255) NOT NULL) [0m
  [4;35;1mSQL (0.001558)[0m   [0mCREATE UNIQUE INDEX "unique_schema_migrations" ON "schema_migrations" ("version")[0m
  [4;36;1mSQL (0.000278)[0m   [0;1m SELECT name
 FROM sqlite_master
 WHERE type = 'table' AND NOT name = 'sqlite_sequence'
[0m
  [4;35;1mSQL (0.000131)[0m   [0mSELECT version FROM "schema_migrations"[0m
  [4;36;1mSQL (0.001818)[0m   [0;1mINSERT INTO "schema_migrations" (version) VALUES ('0')[0m
  [4;36;1mSQL (0.000731)[0m   [0;1m SELECT name
 FROM sqlite_master
 WHERE type = 'table' AND NOT name = 'sqlite_sequence'
[0m
  [4;35;1mSQL (0.000135)[0m   [0mSELECT version FROM schema_migrations[0m
  [4;36;1mSQL (0.000235)[0m   [0;1mselect sqlite_version(*)[0m
  [4;35;1mSQL (0.000147)[0m   [0mSELECT version FROM schema_migrations[0m
  [4;36;1mSQL (0.000220)[0m   [0;1m SELECT name
 FROM sqlite_master
 WHERE type = 'table' AND NOT name = 'sqlite_sequence'
[0m
  [4;35;1mSQL (0.000279)[0m   [0m SELECT name
 FROM sqlite_master
 WHERE type = 'table' AND NOT name = 'sqlite_sequence'
[0m
  [4;36;1mSQL (0.000187)[0m   [0;1mselect sqlite_version(*)[0m
  [4;35;1mSQL (0.001845)[0m   [0mCREATE TABLE "schema_migrations" ("version" varchar(255) NOT NULL) [0m
  [4;36;1mSQL (0.001613)[0m   [0;1mCREATE UNIQUE INDEX "unique_schema_migrations" ON "schema_migrations" ("version")[0m
  [4;35;1mSQL (0.000269)[0m   [0m SELECT name
 FROM sqlite_master
 WHERE type = 'table' AND NOT name = 'sqlite_sequence'
[0m
  [4;36;1mSQL (0.000133)[0m   [0;1mSELECT version FROM "schema_migrations"[0m
  [4;35;1mSQL (0.001488)[0m   [0mINSERT INTO "schema_migrations" (version) VALUES ('0')[0m
  [4;36;1mSQL (0.000836)[0m   [0;1m SELECT name
 FROM sqlite_master
 WHERE type = 'table' AND NOT name = 'sqlite_sequence'
[0m
  [4;35;1mSQL (0.000136)[0m   [0mSELECT version FROM schema_migrations[0m
  [4;36;1mSQL (0.000248)[0m   [0;1mselect sqlite_version(*)[0m
  [4;35;1mSQL (0.000159)[0m   [0mSELECT version FROM schema_migrations[0m
  [4;36;1mSQL (0.000268)[0m   [0;1m SELECT name
 FROM sqlite_master
 WHERE type = 'table' AND NOT name = 'sqlite_sequence'
[0m
  [4;35;1mSQL (0.000306)[0m   [0m SELECT name
 FROM sqlite_master
 WHERE type = 'table' AND NOT name = 'sqlite_sequence'
[0m
  [4;36;1mSQL (0.000176)[0m   [0;1mselect sqlite_version(*)[0m
  [4;35;1mSQL (0.001827)[0m   [0mCREATE TABLE "schema_migrations" ("version" varchar(255) NOT NULL) [0m
  [4;36;1mSQL (0.002150)[0m   [0;1mCREATE UNIQUE INDEX "unique_schema_migrations" ON "schema_migrations" ("version")[0m
  [4;35;1mSQL (0.000356)[0m   [0m SELECT name
 FROM sqlite_master
 WHERE type = 'table' AND NOT name = 'sqlite_sequence'
[0m
  [4;36;1mSQL (0.000150)[0m   [0;1mSELECT version FROM "schema_migrations"[0m
  [4;35;1mSQL (0.001353)[0m   [0mINSERT INTO "schema_migrations" (version) VALUES ('0')[0m
  [4;36;1mSQL (0.000866)[0m   [0;1m SELECT name
 FROM sqlite_master
 WHERE type = 'table' AND NOT name = 'sqlite_sequence'
[0m
  [4;35;1mSQL (0.000142)[0m   [0mSELECT version FROM schema_migrations[0m
  [4;36;1mSQL (0.000284)[0m   [0;1mselect sqlite_version(*)[0m
  [4;35;1mSQL (0.000162)[0m   [0mSELECT version FROM schema_migrations[0m
  [4;36;1mSQL (0.000225)[0m   [0;1m SELECT name
 FROM sqlite_master
 WHERE type = 'table' AND NOT name = 'sqlite_sequence'
[0m
  [4;35;1mSQL (0.000292)[0m   [0m SELECT name
 FROM sqlite_master
 WHERE type = 'table' AND NOT name = 'sqlite_sequence'
[0m
  [4;36;1mSQL (0.000188)[0m   [0;1mselect sqlite_version(*)[0m
  [4;35;1mSQL (0.001780)[0m   [0mCREATE TABLE "schema_migrations" ("version" varchar(255) NOT NULL) [0m
  [4;36;1mSQL (0.001880)[0m   [0;1mCREATE UNIQUE INDEX "unique_schema_migrations" ON "schema_migrations" ("version")[0m
  [4;35;1mSQL (0.000322)[0m   [0m SELECT name
 FROM sqlite_master
 WHERE type = 'table' AND NOT name = 'sqlite_sequence'
[0m
  [4;36;1mSQL (0.000141)[0m   [0;1mSELECT version FROM "schema_migrations"[0m
  [4;35;1mSQL (0.001434)[0m   [0mINSERT INTO "schema_migrations" (version) VALUES ('0')[0m
  [4;36;1mSQL (0.000771)[0m   [0;1m SELECT name
 FROM sqlite_master
 WHERE type = 'table' AND NOT name = 'sqlite_sequence'
[0m
  [4;35;1mSQL (0.000136)[0m   [0mSELECT version FROM schema_migrations[0m
  [4;36;1mSQL (0.000250)[0m   [0;1mselect sqlite_version(*)[0m
  [4;35;1mSQL (0.000153)[0m   [0mSELECT version FROM schema_migrations[0m
  [4;36;1mSQL (0.000226)[0m   [0;1m SELECT name
 FROM sqlite_master
 WHERE type = 'table' AND NOT name = 'sqlite_sequence'
[0m
  [4;35;1mSQL (0.000311)[0m   [0m SELECT name
 FROM sqlite_master
 WHERE type = 'table' AND NOT name = 'sqlite_sequence'
[0m
  [4;36;1mSQL (0.000226)[0m   [0;1mselect sqlite_version(*)[0m
  [4;35;1mSQL (0.001824)[0m   [0mCREATE TABLE "schema_migrations" ("version" varchar(255) NOT NULL) [0m
  [4;36;1mSQL (0.002038)[0m   [0;1mCREATE UNIQUE INDEX "unique_schema_migrations" ON "schema_migrations" ("version")[0m
  [4;35;1mSQL (0.000357)[0m   [0m SELECT name
 FROM sqlite_master
 WHERE type = 'table' AND NOT name = 'sqlite_sequence'
[0m
  [4;36;1mSQL (0.000139)[0m   [0;1mSELECT version FROM "schema_migrations"[0m
  [4;35;1mSQL (0.001524)[0m   [0mINSERT INTO "schema_migrations" (version) VALUES ('0')[0m
  [4;36;1mSQL (0.000848)[0m   [0;1m SELECT name
 FROM sqlite_master
 WHERE type = 'table' AND NOT name = 'sqlite_sequence'
[0m
  [4;35;1mSQL (0.000152)[0m   [0mSELECT version FROM schema_migrations[0m
  [4;36;1mSQL (0.000236)[0m   [0;1mselect sqlite_version(*)[0m
  [4;35;1mSQL (0.000148)[0m   [0mSELECT version FROM schema_migrations[0m
  [4;36;1mSQL (0.000224)[0m   [0;1m SELECT name
 FROM sqlite_master
 WHERE type = 'table' AND NOT name = 'sqlite_sequence'
[0m
  [4;35;1mSQL (0.000282)[0m   [0m SELECT name
 FROM sqlite_master
 WHERE type = 'table' AND NOT name = 'sqlite_sequence'
[0m
  [4;36;1mSQL (0.000175)[0m   [0;1mselect sqlite_version(*)[0m
  [4;35;1mSQL (0.001888)[0m   [0mCREATE TABLE "schema_migrations" ("version" varchar(255) NOT NULL) [0m
  [4;36;1mSQL (0.001652)[0m   [0;1mCREATE UNIQUE INDEX "unique_schema_migrations" ON "schema_migrations" ("version")[0m
  [4;35;1mSQL (0.000325)[0m   [0m SELECT name
 FROM sqlite_master
 WHERE type = 'table' AND NOT name = 'sqlite_sequence'
[0m
  [4;36;1mSQL (0.000150)[0m   [0;1mSELECT version FROM "schema_migrations"[0m
  [4;35;1mSQL (0.001644)[0m   [0mINSERT INTO "schema_migrations" (version) VALUES ('0')[0m
  [4;36;1mSQL (0.000855)[0m   [0;1m SELECT name
 FROM sqlite_master
 WHERE type = 'table' AND NOT name = 'sqlite_sequence'
[0m
  [4;35;1mSQL (0.000137)[0m   [0mSELECT version FROM schema_migrations[0m
  [4;36;1mSQL (0.000249)[0m   [0;1mselect sqlite_version(*)[0m
  [4;35;1mSQL (0.000150)[0m   [0mSELECT version FROM schema_migrations[0m
  [4;36;1mSQL (0.000222)[0m   [0;1m SELECT name
 FROM sqlite_master
 WHERE type = 'table' AND NOT name = 'sqlite_sequence'
[0m
  [4;35;1mSQL (0.000318)[0m   [0m SELECT name
 FROM sqlite_master
 WHERE type = 'table' AND NOT name = 'sqlite_sequence'
[0m
  [4;36;1mSQL (0.000195)[0m   [0;1mselect sqlite_version(*)[0m
  [4;35;1mSQL (0.001926)[0m   [0mCREATE TABLE "schema_migrations" ("version" varchar(255) NOT NULL) [0m
  [4;36;1mSQL (0.001566)[0m   [0;1mCREATE UNIQUE INDEX "unique_schema_migrations" ON "schema_migrations" ("version")[0m
  [4;35;1mSQL (0.000272)[0m   [0m SELECT name
 FROM sqlite_master
 WHERE type = 'table' AND NOT name = 'sqlite_sequence'
[0m
  [4;36;1mSQL (0.000133)[0m   [0;1mSELECT version FROM "schema_migrations"[0m
  [4;35;1mSQL (0.001461)[0m   [0mINSERT INTO "schema_migrations" (version) VALUES ('0')[0m
  [4;36;1mSQL (0.000818)[0m   [0;1m SELECT name
 FROM sqlite_master
 WHERE type = 'table' AND NOT name = 'sqlite_sequence'
[0m
  [4;35;1mSQL (0.000144)[0m   [0mSELECT version FROM schema_migrations[0m
  [4;36;1mSQL (0.000232)[0m   [0;1mselect sqlite_version(*)[0m
  [4;35;1mSQL (0.000148)[0m   [0mSELECT version FROM schema_migrations[0m
  [4;36;1mSQL (0.000231)[0m   [0;1m SELECT name
 FROM sqlite_master
 WHERE type = 'table' AND NOT name = 'sqlite_sequence'
[0m
  [4;35;1mSQL (0.000279)[0m   [0m SELECT name
 FROM sqlite_master
 WHERE type = 'table' AND NOT name = 'sqlite_sequence'
[0m
  [4;36;1mSQL (0.000174)[0m   [0;1mselect sqlite_version(*)[0m
  [4;35;1mSQL (0.001823)[0m   [0mCREATE TABLE "schema_migrations" ("version" varchar(255) NOT NULL) [0m
  [4;36;1mSQL (0.001722)[0m   [0;1mCREATE UNIQUE INDEX "unique_schema_migrations" ON "schema_migrations" ("version")[0m
  [4;35;1mSQL (0.000878)[0m   [0m SELECT name
 FROM sqlite_master
 WHERE type = 'table' AND NOT name = 'sqlite_sequence'
[0m
  [4;36;1mSQL (0.000218)[0m   [0;1mSELECT version FROM "schema_migrations"[0m
  [4;35;1mSQL (0.001612)[0m   [0mINSERT INTO "schema_migrations" (version) VALUES ('0')[0m
